This is pdfTeX, Version 3.141592653-2.6-1.40.23 (TeX Live 2022/dev) (preloaded format=pdflatex 2022.1.27)  31 JAN 2022 09:31
entering extended mode
 restricted \write18 enabled.
 %&-line parsing enabled.
**CogSci2022-giannino.tex
(./CogSci2022-giannino.tex
LaTeX2e <2021-11-15> patch level 1
L3 programming layer <2022-01-21>
(/Users/chatterlabmanager/Library/TinyTeX/texmf-dist/tex/latex/base/article.cls
Document Class: article 2021/10/04 v1.4n Standard LaTeX document class
(/Users/chatterlabmanager/Library/TinyTeX/texmf-dist/tex/latex/base/size10.clo
File: size10.clo 2021/10/04 v1.4n Standard LaTeX file (size option)
)
\c@part=\count185
\c@section=\count186
\c@subsection=\count187
\c@subsubsection=\count188
\c@paragraph=\count189
\c@subparagraph=\count190
\c@figure=\count191
\c@table=\count192
\abovecaptionskip=\skip47
\belowcaptionskip=\skip48
\bibindent=\dimen138
) (./cogsci.sty
Conference Style for COGSCI -- last modified December 31, 2018
\titlebox=\skip49
)
(/Users/chatterlabmanager/Library/TinyTeX/texmf-dist/tex/latex/pslatex/pslatex.
sty
Package: pslatex 2021/01/13 v1.3 pslatex emulation (DPC)
LaTeX Font Info:    Redeclaring symbol font `operators' on input line 66.
LaTeX Font Info:    Overwriting symbol font `operators' in version `normal'
(Font)                  OT1/cmr/m/n --> OT1/ptmcm/m/n on input line 66.
LaTeX Font Info:    Overwriting symbol font `operators' in version `bold'
(Font)                  OT1/cmr/bx/n --> OT1/ptmcm/m/n on input line 66.
LaTeX Font Info:    Redeclaring symbol font `letters' on input line 67.
LaTeX Font Info:    Overwriting symbol font `letters' in version `normal'
(Font)                  OML/cmm/m/it --> OML/ptmcm/m/it on input line 67.
LaTeX Font Info:    Overwriting symbol font `letters' in version `bold'
(Font)                  OML/cmm/b/it --> OML/ptmcm/m/it on input line 67.
LaTeX Font Info:    Redeclaring symbol font `symbols' on input line 68.
LaTeX Font Info:    Overwriting symbol font `symbols' in version `normal'
(Font)                  OMS/cmsy/m/n --> OMS/pzccm/m/n on input line 68.
LaTeX Font Info:    Overwriting symbol font `symbols' in version `bold'
(Font)                  OMS/cmsy/b/n --> OMS/pzccm/m/n on input line 68.
LaTeX Font Info:    Redeclaring symbol font `largesymbols' on input line 69.
LaTeX Font Info:    Overwriting symbol font `largesymbols' in version `normal'
(Font)                  OMX/cmex/m/n --> OMX/psycm/m/n on input line 69.
LaTeX Font Info:    Overwriting symbol font `largesymbols' in version `bold'
(Font)                  OMX/cmex/m/n --> OMX/psycm/m/n on input line 69.
\symbold=\mathgroup4
\symitalic=\mathgroup5
LaTeX Font Info:    Redeclaring math alphabet \mathbf on input line 75.
LaTeX Font Info:    Overwriting math alphabet `\mathbf' in version `normal'
(Font)                  OT1/cmr/bx/n --> OT1/ptm/bx/n on input line 75.
LaTeX Font Info:    Overwriting math alphabet `\mathbf' in version `bold'
(Font)                  OT1/cmr/bx/n --> OT1/ptm/bx/n on input line 75.
LaTeX Font Info:    Redeclaring math alphabet \mathit on input line 76.
LaTeX Font Info:    Overwriting math alphabet `\mathit' in version `normal'
(Font)                  OT1/cmr/m/it --> OT1/ptm/m/it on input line 76.
LaTeX Font Info:    Overwriting math alphabet `\mathit' in version `bold'
(Font)                  OT1/cmr/bx/it --> OT1/ptm/m/it on input line 76.
) (/Users/chatterlabmanager/Library/TinyTeX/texmf-dist/tex/latex/float/float.st
y
Package: float 2001/11/08 v1.3d Float enhancements (AL)
\c@float@type=\count193
\float@exts=\toks16
\float@box=\box50
\@float@everytoks=\toks17
\@floatcapt=\box51
)
(/Users/chatterlabmanager/Library/TinyTeX/texmf-dist/tex/latex/caption/caption.
sty
Package: caption 2020/10/26 v3.5g Customizing captions (AR)

(/Users/chatterlabmanager/Library/TinyTeX/texmf-dist/tex/latex/caption/caption3
.sty
Package: caption3 2020/10/21 v2.2e caption3 kernel (AR)

(/Users/chatterlabmanager/Library/TinyTeX/texmf-dist/tex/latex/graphics/keyval.
sty
Package: keyval 2014/10/28 v1.15 key=value parser (DPC)
\KV@toks@=\toks18
)
\captionmargin=\dimen139
\captionmargin@=\dimen140
\captionwidth=\dimen141
\caption@tempdima=\dimen142
\caption@indent=\dimen143
\caption@parindent=\dimen144
\caption@hangindent=\dimen145
Package caption Info: Standard document class detected.
)
\c@caption@flags=\count194
\c@continuedfloat=\count195
Package caption Info: float package is loaded.
)
(/Users/chatterlabmanager/Library/TinyTeX/texmf-dist/tex/latex/amsmath/amsmath.
sty
Package: amsmath 2021/10/15 v2.17l AMS math features
\@mathmargin=\skip50
For additional information on amsmath, use the `?' option.

(/Users/chatterlabmanager/Library/TinyTeX/texmf-dist/tex/latex/amsmath/amstext.
sty
Package: amstext 2021/08/26 v2.01 AMS text

(/Users/chatterlabmanager/Library/TinyTeX/texmf-dist/tex/latex/amsmath/amsgen.s
ty
File: amsgen.sty 1999/11/30 v2.0 generic functions
\@emptytoks=\toks19
\ex@=\dimen146
))
(/Users/chatterlabmanager/Library/TinyTeX/texmf-dist/tex/latex/amsmath/amsbsy.s
ty
Package: amsbsy 1999/11/29 v1.2d Bold Symbols
\pmbraise@=\dimen147
)
(/Users/chatterlabmanager/Library/TinyTeX/texmf-dist/tex/latex/amsmath/amsopn.s
ty
Package: amsopn 2021/08/26 v2.02 operator names
)
\inf@bad=\count196
LaTeX Info: Redefining \frac on input line 234.
\uproot@=\count197
\leftroot@=\count198
LaTeX Info: Redefining \overline on input line 399.
\classnum@=\count199
\DOTSCASE@=\count266
LaTeX Info: Redefining \ldots on input line 496.
LaTeX Info: Redefining \dots on input line 499.
LaTeX Info: Redefining \cdots on input line 620.
\Mathstrutbox@=\box52
\strutbox@=\box53
\big@size=\dimen148
LaTeX Font Info:    Redeclaring font encoding OML on input line 743.
LaTeX Font Info:    Redeclaring font encoding OMS on input line 744.
\macc@depth=\count267
\c@MaxMatrixCols=\count268
\dotsspace@=\muskip16
\c@parentequation=\count269
\dspbrk@lvl=\count270
\tag@help=\toks20
\row@=\count271
\column@=\count272
\maxfields@=\count273
\andhelp@=\toks21
\eqnshift@=\dimen149
\alignsep@=\dimen150
\tagshift@=\dimen151
\tagwidth@=\dimen152
\totwidth@=\dimen153
\lineht@=\dimen154
\@envbody=\toks22
\multlinegap=\skip51
\multlinetaggap=\skip52
\mathdisplay@stack=\toks23
LaTeX Info: Redefining \[ on input line 2938.
LaTeX Info: Redefining \] on input line 2939.
)
(/Users/chatterlabmanager/Library/TinyTeX/texmf-dist/tex/latex/amsfonts/amssymb
.sty
Package: amssymb 2013/01/14 v3.01 AMS font symbols

(/Users/chatterlabmanager/Library/TinyTeX/texmf-dist/tex/latex/amsfonts/amsfont
s.sty
Package: amsfonts 2013/01/14 v3.01 Basic AMSFonts support
\symAMSa=\mathgroup6
\symAMSb=\mathgroup7
LaTeX Font Info:    Redeclaring math symbol \hbar on input line 98.
LaTeX Font Info:    Overwriting math alphabet `\mathfrak' in version `bold'
(Font)                  U/euf/m/n --> U/euf/b/n on input line 106.
))
(/Users/chatterlabmanager/Library/TinyTeX/texmf-dist/tex/latex/hyperref/hyperre
f.sty
Package: hyperref 2021-06-07 v7.00m Hypertext links for LaTeX

(/Users/chatterlabmanager/Library/TinyTeX/texmf-dist/tex/generic/ltxcmds/ltxcmd
s.sty
Package: ltxcmds 2020-05-10 v1.25 LaTeX kernel commands for general use (HO)
)
(/Users/chatterlabmanager/Library/TinyTeX/texmf-dist/tex/generic/iftex/iftex.st
y
Package: iftex 2020/03/06 v1.0d TeX engine tests
)
(/Users/chatterlabmanager/Library/TinyTeX/texmf-dist/tex/generic/pdftexcmds/pdf
texcmds.sty
Package: pdftexcmds 2020-06-27 v0.33 Utility functions of pdfTeX for LuaTeX (HO
)

(/Users/chatterlabmanager/Library/TinyTeX/texmf-dist/tex/generic/infwarerr/infw
arerr.sty
Package: infwarerr 2019/12/03 v1.5 Providing info/warning/error messages (HO)
)
Package pdftexcmds Info: \pdf@primitive is available.
Package pdftexcmds Info: \pdf@ifprimitive is available.
Package pdftexcmds Info: \pdfdraftmode found.
)
(/Users/chatterlabmanager/Library/TinyTeX/texmf-dist/tex/generic/kvsetkeys/kvse
tkeys.sty
Package: kvsetkeys 2019/12/15 v1.18 Key value parser (HO)
)
(/Users/chatterlabmanager/Library/TinyTeX/texmf-dist/tex/generic/kvdefinekeys/k
vdefinekeys.sty
Package: kvdefinekeys 2019-12-19 v1.6 Define keys (HO)
)
(/Users/chatterlabmanager/Library/TinyTeX/texmf-dist/tex/generic/pdfescape/pdfe
scape.sty
Package: pdfescape 2019/12/09 v1.15 Implements pdfTeX's escape features (HO)
)
(/Users/chatterlabmanager/Library/TinyTeX/texmf-dist/tex/latex/hycolor/hycolor.
sty
Package: hycolor 2020-01-27 v1.10 Color options for hyperref/bookmark (HO)
)
(/Users/chatterlabmanager/Library/TinyTeX/texmf-dist/tex/latex/letltxmacro/letl
txmacro.sty
Package: letltxmacro 2019/12/03 v1.6 Let assignment for LaTeX macros (HO)
)
(/Users/chatterlabmanager/Library/TinyTeX/texmf-dist/tex/latex/auxhook/auxhook.
sty
Package: auxhook 2019-12-17 v1.6 Hooks for auxiliary files (HO)
)
(/Users/chatterlabmanager/Library/TinyTeX/texmf-dist/tex/latex/kvoptions/kvopti
ons.sty
Package: kvoptions 2020-10-07 v3.14 Key value format for package options (HO)
)
\@linkdim=\dimen155
\Hy@linkcounter=\count274
\Hy@pagecounter=\count275

(/Users/chatterlabmanager/Library/TinyTeX/texmf-dist/tex/latex/hyperref/pd1enc.
def
File: pd1enc.def 2021-06-07 v7.00m Hyperref: PDFDocEncoding definition (HO)
Now handling font encoding PD1 ...
... no UTF-8 mapping file for font encoding PD1
)
(/Users/chatterlabmanager/Library/TinyTeX/texmf-dist/tex/latex/hyperref/hyperre
f-langpatches.def
File: hyperref-langpatches.def 2021-06-07 v7.00m Hyperref: patches for babel la
nguages
)
(/Users/chatterlabmanager/Library/TinyTeX/texmf-dist/tex/generic/intcalc/intcal
c.sty
Package: intcalc 2019/12/15 v1.3 Expandable calculations with integers (HO)
)
(/Users/chatterlabmanager/Library/TinyTeX/texmf-dist/tex/generic/etexcmds/etexc
mds.sty
Package: etexcmds 2019/12/15 v1.7 Avoid name clashes with e-TeX commands (HO)
)
\Hy@SavedSpaceFactor=\count276

(/Users/chatterlabmanager/Library/TinyTeX/texmf-dist/tex/latex/hyperref/puenc.d
ef
File: puenc.def 2021-06-07 v7.00m Hyperref: PDF Unicode definition (HO)
Now handling font encoding PU ...
... no UTF-8 mapping file for font encoding PU
)
Package hyperref Info: Hyper figures OFF on input line 4192.
Package hyperref Info: Link nesting OFF on input line 4197.
Package hyperref Info: Hyper index ON on input line 4200.
Package hyperref Info: Plain pages OFF on input line 4207.
Package hyperref Info: Backreferencing OFF on input line 4212.
Package hyperref Info: Implicit mode ON; LaTeX internals redefined.
Package hyperref Info: Bookmarks ON on input line 4445.
\c@Hy@tempcnt=\count277
(/Users/chatterlabmanager/Library/TinyTeX/texmf-dist/tex/latex/url/url.sty
\Urlmuskip=\muskip17
Package: url 2013/09/16  ver 3.4  Verb mode for urls, etc.
)
LaTeX Info: Redefining \url on input line 4804.
\XeTeXLinkMargin=\dimen156

(/Users/chatterlabmanager/Library/TinyTeX/texmf-dist/tex/generic/bitset/bitset.
sty
Package: bitset 2019/12/09 v1.3 Handle bit-vector datatype (HO)

(/Users/chatterlabmanager/Library/TinyTeX/texmf-dist/tex/generic/bigintcalc/big
intcalc.sty
Package: bigintcalc 2019/12/15 v1.5 Expandable calculations on big integers (HO
)
))
\Fld@menulength=\count278
\Field@Width=\dimen157
\Fld@charsize=\dimen158
Package hyperref Info: Hyper figures OFF on input line 6076.
Package hyperref Info: Link nesting OFF on input line 6081.
Package hyperref Info: Hyper index ON on input line 6084.
Package hyperref Info: backreferencing OFF on input line 6091.
Package hyperref Info: Link coloring OFF on input line 6096.
Package hyperref Info: Link coloring with OCG OFF on input line 6101.
Package hyperref Info: PDF/A mode OFF on input line 6106.
LaTeX Info: Redefining \ref on input line 6146.
LaTeX Info: Redefining \pageref on input line 6150.

(/Users/chatterlabmanager/Library/TinyTeX/texmf-dist/tex/latex/base/atbegshi-lt
x.sty
Package: atbegshi-ltx 2021/01/10 v1.0c Emulation of the original atbegshi
package with kernel methods
)
\Hy@abspage=\count279
\c@Item=\count280
\c@Hfootnote=\count281
)
Package hyperref Info: Driver (autodetected): hpdftex.

(/Users/chatterlabmanager/Library/TinyTeX/texmf-dist/tex/latex/hyperref/hpdftex
.def
File: hpdftex.def 2021-06-07 v7.00m Hyperref driver for pdfTeX

(/Users/chatterlabmanager/Library/TinyTeX/texmf-dist/tex/latex/base/atveryend-l
tx.sty
Package: atveryend-ltx 2020/08/19 v1.0a Emulation of the original atveryend pac
kage
with kernel methods
)
\Fld@listcount=\count282
\c@bookmark@seq@number=\count283

(/Users/chatterlabmanager/Library/TinyTeX/texmf-dist/tex/latex/rerunfilecheck/r
erunfilecheck.sty
Package: rerunfilecheck 2019/12/05 v1.9 Rerun checks for auxiliary files (HO)

(/Users/chatterlabmanager/Library/TinyTeX/texmf-dist/tex/generic/uniquecounter/
uniquecounter.sty
Package: uniquecounter 2019/12/15 v1.4 Provide unlimited unique counter (HO)
)
Package uniquecounter Info: New unique counter `rerunfilecheck' on input line 2
86.
)
\Hy@SectionHShift=\skip53
)
(/Users/chatterlabmanager/Library/TinyTeX/texmf-dist/tex/latex/graphics/graphic
x.sty
Package: graphicx 2021/09/16 v1.2d Enhanced LaTeX Graphics (DPC,SPQR)

(/Users/chatterlabmanager/Library/TinyTeX/texmf-dist/tex/latex/graphics/graphic
s.sty
Package: graphics 2021/03/04 v1.4d Standard LaTeX Graphics (DPC,SPQR)

(/Users/chatterlabmanager/Library/TinyTeX/texmf-dist/tex/latex/graphics/trig.st
y
Package: trig 2021/08/11 v1.11 sin cos tan (DPC)
)
(/Users/chatterlabmanager/Library/TinyTeX/texmf-dist/tex/latex/graphics-cfg/gra
phics.cfg
File: graphics.cfg 2016/06/04 v1.11 sample graphics configuration
)
Package graphics Info: Driver file: pdftex.def on input line 107.

(/Users/chatterlabmanager/Library/TinyTeX/texmf-dist/tex/latex/graphics-def/pdf
tex.def
File: pdftex.def 2020/10/05 v1.2a Graphics/color driver for pdftex
))
\Gin@req@height=\dimen159
\Gin@req@width=\dimen160
)
(/Users/chatterlabmanager/Library/TinyTeX/texmf-dist/tex/latex/fancyvrb/fancyvr
b.sty
Package: fancyvrb 2021/12/21 4.1b verbatim text (tvz,hv)
\FV@CodeLineNo=\count284
\FV@InFile=\read2
\FV@TabBox=\box54
\c@FancyVerbLine=\count285
\FV@StepNumber=\count286
\FV@OutFile=\write3
) (./apacite.sty
Package: apacite 2012/02/25 v6.01 APA citation
\c@BibCnt=\count287
\bibleftmargin=\skip54
\bibindent=\skip55
\bibparsep=\skip56
\bibitemsep=\skip57
\biblabelsep=\skip58
)
(/Users/chatterlabmanager/Library/TinyTeX/texmf-dist/tex/latex/graphics/color.s
ty
Package: color 2021/12/07 v1.3c Standard LaTeX Color (DPC)

(/Users/chatterlabmanager/Library/TinyTeX/texmf-dist/tex/latex/graphics-cfg/col
or.cfg
File: color.cfg 2016/01/02 v1.6 sample color configuration
)
Package color Info: Driver file: pdftex.def on input line 149.
)
(/Users/chatterlabmanager/Library/TinyTeX/texmf-dist/tex/latex/booktabs/booktab
s.sty
Package: booktabs 2020/01/12 v1.61803398 Publication quality tables
\heavyrulewidth=\dimen161
\lightrulewidth=\dimen162
\cmidrulewidth=\dimen163
\belowrulesep=\dimen164
\belowbottomsep=\dimen165
\aboverulesep=\dimen166
\abovetopsep=\dimen167
\cmidrulesep=\dimen168
\cmidrulekern=\dimen169
\defaultaddspace=\dimen170
\@cmidla=\count288
\@cmidlb=\count289
\@aboverulesep=\dimen171
\@belowrulesep=\dimen172
\@thisruleclass=\count290
\@lastruleclass=\count291
\@thisrulewidth=\dimen173
)
(/Users/chatterlabmanager/Library/TinyTeX/texmf-dist/tex/latex/tools/longtable.
sty
Package: longtable 2021-09-01 v4.17 Multi-page Table package (DPC)
\LTleft=\skip59
\LTright=\skip60
\LTpre=\skip61
\LTpost=\skip62
\LTchunksize=\count292
\LTcapwidth=\dimen174
\LT@head=\box55
\LT@firsthead=\box56
\LT@foot=\box57
\LT@lastfoot=\box58
\LT@gbox=\box59
\LT@cols=\count293
\LT@rows=\count294
\c@LT@tables=\count295
\c@LT@chunks=\count296
\LT@p@ftn=\toks24
) (/Users/chatterlabmanager/Library/TinyTeX/texmf-dist/tex/latex/tools/array.st
y
Package: array 2021/10/04 v2.5f Tabular extension package (FMi)
\col@sep=\dimen175
\ar@mcellbox=\box60
\extrarowheight=\dimen176
\NC@list=\toks25
\extratabsurround=\skip63
\backup@length=\skip64
\ar@cellbox=\box61
)
(/Users/chatterlabmanager/Library/TinyTeX/texmf-dist/tex/latex/multirow/multiro
w.sty
Package: multirow 2021/03/15 v2.8 Span multiple rows of a table
\multirow@colwidth=\skip65
\multirow@cntb=\count297
\multirow@dima=\skip66
\bigstrutjot=\dimen177
)
(/Users/chatterlabmanager/Library/TinyTeX/texmf-dist/tex/latex/wrapfig/wrapfig.
sty
\wrapoverhang=\dimen178
\WF@size=\dimen179
\c@WF@wrappedlines=\count298
\WF@box=\box62
\WF@everypar=\toks26
Package: wrapfig 2003/01/31  v 3.6
)
(/Users/chatterlabmanager/Library/TinyTeX/texmf-dist/tex/latex/colortbl/colortb
l.sty
Package: colortbl 2020/01/04 v1.0e Color table columns (DPC)
\everycr=\toks27
\minrowclearance=\skip67
)
(/Users/chatterlabmanager/Library/TinyTeX/texmf-dist/tex/latex/pdflscape/pdflsc
ape.sty
Package: pdflscape 2019/12/05 v0.12 Display of landscape pages in PDF (HO)

(/Users/chatterlabmanager/Library/TinyTeX/texmf-dist/tex/latex/graphics/lscape.
sty
Package: lscape 2020/05/28 v3.02 Landscape Pages (DPC)
)
Package pdflscape Info: Auto-detected driver: pdftex on input line 81.
) (/Users/chatterlabmanager/Library/TinyTeX/texmf-dist/tex/latex/tabu/tabu.sty
Package: tabu 2019/01/11 v2.9 - flexible LaTeX tabulars (FC+tabu-fixed)

(/Users/chatterlabmanager/Library/TinyTeX/texmf-dist/tex/latex/varwidth/varwidt
h.sty
Package: varwidth 2009/03/30 ver 0.92;  Variable-width minipages
\@vwid@box=\box63
\sift@deathcycles=\count299
\@vwid@loff=\dimen180
\@vwid@roff=\dimen181
)
\c@taburow=\count300
\tabu@nbcols=\count301
\tabu@cnt=\count302
\tabu@Xcol=\count303
\tabu@alloc=\count304
\tabu@nested=\count305
\tabu@target=\dimen182
\tabu@spreadtarget=\dimen183
\tabu@naturalX=\dimen184
\tabucolX=\dimen185
\tabu@Xsum=\dimen186
\extrarowdepth=\dimen187
\abovetabulinesep=\dimen188
\belowtabulinesep=\dimen189
\tabustrutrule=\dimen190
\tabu@thebody=\toks28
\tabu@footnotes=\toks29
\tabu@box=\box64
\tabu@arstrutbox=\box65
\tabu@hleads=\box66
\tabu@vleads=\box67
\tabu@cellskip=\skip68
)
(/Users/chatterlabmanager/Library/TinyTeX/texmf-dist/tex/latex/threeparttable/t
hreeparttable.sty
Package: threeparttable 2003/06/13  v 3.0
\@tempboxb=\box68
)
(/Users/chatterlabmanager/Library/TinyTeX/texmf-dist/tex/latex/threeparttablex/
threeparttablex.sty
Package: threeparttablex 2013/07/23 v0.3 by daleif

(/Users/chatterlabmanager/Library/TinyTeX/texmf-dist/tex/latex/environ/environ.
sty
Package: environ 2014/05/04 v0.3 A new way to define environments

(/Users/chatterlabmanager/Library/TinyTeX/texmf-dist/tex/latex/trimspaces/trims
paces.sty
Package: trimspaces 2009/09/17 v1.1 Trim spaces around a token list
))
\TPTL@width=\skip69
) (/Users/chatterlabmanager/Library/TinyTeX/texmf-dist/tex/generic/ulem/ulem.st
y
\UL@box=\box69
\UL@hyphenbox=\box70
\UL@skip=\skip70
\UL@hook=\toks30
\UL@height=\dimen191
\UL@pe=\count306
\UL@pixel=\dimen192
\ULC@box=\box71
Package: ulem 2019/11/18
\ULdepth=\dimen193
)
(/Users/chatterlabmanager/Library/TinyTeX/texmf-dist/tex/latex/makecell/makecel
l.sty
Package: makecell 2009/08/03 V0.1e Managing of Tab Column Heads and Cells
\rotheadsize=\dimen194
\c@nlinenum=\count307
\TeXr@lab=\toks31
)
(/Users/chatterlabmanager/Library/TinyTeX/texmf-dist/tex/latex/xcolor/xcolor.st
y
Package: xcolor 2021/10/31 v2.13 LaTeX color extensions (UK)

(/Users/chatterlabmanager/Library/TinyTeX/texmf-dist/tex/latex/graphics-cfg/col
or.cfg
File: color.cfg 2016/01/02 v1.6 sample color configuration
)
Package xcolor Info: Driver file: pdftex.def on input line 227.
LaTeX Info: Redefining \color on input line 711.
Package xcolor Info: Model `cmy' substituted by `cmy0' on input line 1352.
Package xcolor Info: Model `hsb' substituted by `rgb' on input line 1356.
Package xcolor Info: Model `RGB' extended on input line 1368.
Package xcolor Info: Model `HTML' substituted by `rgb' on input line 1370.
Package xcolor Info: Model `Hsb' substituted by `hsb' on input line 1371.
Package xcolor Info: Model `tHsb' substituted by `hsb' on input line 1372.
Package xcolor Info: Model `HSB' substituted by `hsb' on input line 1373.
Package xcolor Info: Model `Gray' substituted by `gray' on input line 1374.
Package xcolor Info: Model `wave' substituted by `hsb' on input line 1375.
)
\cslhangindent=\skip71

(/Users/chatterlabmanager/Library/TinyTeX/texmf-dist/tex/latex/l3backend/l3back
end-pdftex.def
File: l3backend-pdftex.def 2022-01-12 L3 backend support: PDF output (pdfTeX)
\l__color_backend_stack_int=\count308
\l__pdf_internal_box=\box72
) (./CogSci2022-giannino.aux)
\openout1 = `CogSci2022-giannino.aux'.

LaTeX Font Info:    Checking defaults for OML/cmm/m/it on input line 104.
LaTeX Font Info:    ... okay on input line 104.
LaTeX Font Info:    Checking defaults for OMS/pzccm/m/n on input line 104.
LaTeX Font Info:    Trying to load font information for OMS+pzccm on input line
 104.

(/Users/chatterlabmanager/Library/TinyTeX/texmf-dist/tex/latex/psnfss/omspzccm.
fd
File: omspzccm.fd 2000/01/03 Fontinst v1.801 font definitions for OMS/pzccm.
)
LaTeX Font Info:    ... okay on input line 104.
LaTeX Font Info:    Checking defaults for OT1/cmr/m/n on input line 104.
LaTeX Font Info:    ... okay on input line 104.
LaTeX Font Info:    Checking defaults for T1/cmr/m/n on input line 104.
LaTeX Font Info:    ... okay on input line 104.
LaTeX Font Info:    Checking defaults for TS1/cmr/m/n on input line 104.
LaTeX Font Info:    ... okay on input line 104.
LaTeX Font Info:    Checking defaults for OMX/cmex/m/n on input line 104.
LaTeX Font Info:    ... okay on input line 104.
LaTeX Font Info:    Checking defaults for U/cmr/m/n on input line 104.
LaTeX Font Info:    ... okay on input line 104.
LaTeX Font Info:    Checking defaults for PD1/pdf/m/n on input line 104.
LaTeX Font Info:    ... okay on input line 104.
LaTeX Font Info:    Checking defaults for PU/pdf/m/n on input line 104.
LaTeX Font Info:    ... okay on input line 104.
Package caption Info: Begin \AtBeginDocument code.
Package caption Info: hyperref package is loaded.
Package caption Info: longtable package is loaded.

(/Users/chatterlabmanager/Library/TinyTeX/texmf-dist/tex/latex/caption/ltcaptio
n.sty
Package: ltcaption 2020/05/30 v1.4b longtable captions (AR)
)
Package caption Info: threeparttable package is loaded.
Package caption Info: wrapfig package is loaded.
Package caption Info: End \AtBeginDocument code.
Package hyperref Info: Link coloring OFF on input line 104.

(/Users/chatterlabmanager/Library/TinyTeX/texmf-dist/tex/latex/hyperref/nameref
.sty
Package: nameref 2021-04-02 v2.47 Cross-referencing by name of section

(/Users/chatterlabmanager/Library/TinyTeX/texmf-dist/tex/latex/refcount/refcoun
t.sty
Package: refcount 2019/12/15 v3.6 Data extraction from label references (HO)
)
(/Users/chatterlabmanager/Library/TinyTeX/texmf-dist/tex/generic/gettitlestring
/gettitlestring.sty
Package: gettitlestring 2019/12/15 v1.6 Cleanup title references (HO)
)
\c@section@level=\count309
)
LaTeX Info: Redefining \ref on input line 104.
LaTeX Info: Redefining \pageref on input line 104.
LaTeX Info: Redefining \nameref on input line 104.
(./CogSci2022-giannino.out) (./CogSci2022-giannino.out)
\@outlinefile=\write4
\openout4 = `CogSci2022-giannino.out'.


(/Users/chatterlabmanager/Library/TinyTeX/texmf-dist/tex/latex/epstopdf-pkg/eps
topdf-base.sty
Package: epstopdf-base 2020-01-24 v2.11 Base part for package epstopdf
Package epstopdf-base Info: Redefining graphics rule for `.eps' on input line 4
85.

(/Users/chatterlabmanager/Library/TinyTeX/texmf-dist/tex/latex/latexconfig/epst
opdf-sys.cfg
File: epstopdf-sys.cfg 2010/07/13 v1.3 Configuration of (r)epstopdf for TeX Liv
e
))
\c@maskedRefs=\count310

(/Users/chatterlabmanager/Library/TinyTeX/texmf-dist/tex/latex/apacite/english.
apc
File: english.apc 2013/07/21 v6.03 apacite language file
LaTeX Info: Redefining \BPBI on input line 129.
LaTeX Info: Redefining \BHBI on input line 130.
)
LaTeX Font Info:    Trying to load font information for OT1+ptmcm on input line
 107.

(/Users/chatterlabmanager/Library/TinyTeX/texmf-dist/tex/latex/psnfss/ot1ptmcm.
fd
File: ot1ptmcm.fd 2000/01/03 Fontinst v1.801 font definitions for OT1/ptmcm.
)
LaTeX Font Info:    Trying to load font information for OML+ptmcm on input line
 107.

(/Users/chatterlabmanager/Library/TinyTeX/texmf-dist/tex/latex/psnfss/omlptmcm.
fd
File: omlptmcm.fd 2000/01/03 Fontinst v1.801 font definitions for OML/ptmcm.
)
LaTeX Font Info:    Trying to load font information for OMX+psycm on input line
 107.

(/Users/chatterlabmanager/Library/TinyTeX/texmf-dist/tex/latex/psnfss/omxpsycm.
fd
File: omxpsycm.fd 2000/01/03 Fontinst v1.801 font definitions for OMX/psycm.
)
LaTeX Font Info:    Font shape `OT1/ptm/bx/n' in size <10> not available
(Font)              Font shape `OT1/ptm/b/n' tried instead on input line 107.
LaTeX Font Info:    Font shape `OT1/ptm/bx/n' in size <7.4> not available
(Font)              Font shape `OT1/ptm/b/n' tried instead on input line 107.
LaTeX Font Info:    Font shape `OT1/ptm/bx/n' in size <6> not available
(Font)              Font shape `OT1/ptm/b/n' tried instead on input line 107.
LaTeX Font Info:    Trying to load font information for U+msa on input line 107
.

(/Users/chatterlabmanager/Library/TinyTeX/texmf-dist/tex/latex/amsfonts/umsa.fd
File: umsa.fd 2013/01/14 v3.01 AMS symbols A
)
LaTeX Font Info:    Trying to load font information for U+msb on input line 107
.

(/Users/chatterlabmanager/Library/TinyTeX/texmf-dist/tex/latex/amsfonts/umsb.fd
File: umsb.fd 2013/01/14 v3.01 AMS symbols B
)
Underfull \vbox (badness 10000) detected at line 107
 []

LaTeX Font Info:    Trying to load font information for OML+ptm on input line 1
13.

(/Users/chatterlabmanager/Library/TinyTeX/texmf-dist/tex/latex/psnfss/omlptm.fd
File: omlptm.fd 
)
LaTeX Font Info:    Font shape `OML/ptm/m/n' in size <9> not available
(Font)              Font shape `OML/cmm/m/it' tried instead on input line 113.

Underfull \hbox (badness 1147) in paragraph at lines 109--123
\OT1/ptm/m/n/9 young chil-dren, in-clud-ing op-por-tu-ni-ties to dis-cover word

 []

[1{/Users/chatterlabmanager/Library/TinyTeX/texmf-var/fonts/map/pdftex/updmap/p
dftex.map}



]
<figs/examples-fig-1.pdf, id=84, 209.78375pt x 165.61874pt>
File: figs/examples-fig-1.pdf Graphic file (type pdf)
<use figs/examples-fig-1.pdf>
Package pdftex.def Info: figs/examples-fig-1.pdf  used on input line 309.
(pdftex.def)             Requested size: 209.78322pt x 165.61833pt.

LaTeX Warning: `h' float specifier changed to `ht'.

[2]
LaTeX Font Info:    Font shape `OT1/ptm/bx/n' in size <9> not available
(Font)              Font shape `OT1/ptm/b/n' tried instead on input line 409.
LaTeX Font Info:    Font shape `OT1/ptm/bx/n' in size <7> not available
(Font)              Font shape `OT1/ptm/b/n' tried instead on input line 409.
LaTeX Font Info:    Font shape `OT1/ptm/bx/n' in size <5> not available
(Font)              Font shape `OT1/ptm/b/n' tried instead on input line 409.
<figs/zipfian-objects-fig-1.pdf, id=96, 242.9075pt x 138.5175pt>
File: figs/zipfian-objects-fig-1.pdf Graphic file (type pdf)
<use figs/zipfian-objects-fig-1.pdf>
Package pdftex.def Info: figs/zipfian-objects-fig-1.pdf  used on input line 414
.
(pdftex.def)             Requested size: 242.90689pt x 138.51715pt.
<figs/top-objects-fig-1.pdf, id=97, 478.78876pt x 172.645pt>
File: figs/top-objects-fig-1.pdf Graphic file (type pdf)
<use figs/top-objects-fig-1.pdf>
Package pdftex.def Info: figs/top-objects-fig-1.pdf  used on input line 425.
(pdftex.def)             Requested size: 478.78758pt x 172.64456pt.
LaTeX Font Info:    Font shape `OML/ptm/m/n' in size <10> not available
(Font)              Font shape `OML/cmm/m/it' tried instead on input line 464.
[3 <./figs/examples-fig-1.pdf> <./figs/zipfian-objects-fig-1.pdf>]
<figs/overall-stats-fig-1.pdf, id=127, 234.8775pt x 152.57pt>
File: figs/overall-stats-fig-1.pdf Graphic file (type pdf)
<use figs/overall-stats-fig-1.pdf>
Package pdftex.def Info: figs/overall-stats-fig-1.pdf  used on input line 474.
(pdftex.def)             Requested size: 234.87692pt x 152.56963pt.

LaTeX Warning: `!h' float specifier changed to `!ht'.


Underfull \vbox (badness 10000) has occurred while \output is active []

[4 <./figs/top-objects-fig-1.pdf> <./figs/overall-stats-fig-1.pdf>] [5]
Underfull \hbox (badness 4013) in paragraph at lines 719--724
 [][]\OT1/ptm/m/n/10 Karasik, L. B., Schnei-der, J., Kuchirko, Y. A., &
 []


Underfull \hbox (badness 1168) in paragraph at lines 719--724
 \OT1/ptm/m/n/10 Tamis-LeMonda, C. S. (2018). Not so WEIRD ob-
 []


Underfull \hbox (badness 1675) in paragraph at lines 719--724
 \OT1/ptm/m/n/10 ject play in Tajik-istan. Pre-sen-ta-tion to the In-ter-na-
 []

[6] (./CogSci2022-giannino.aux)
Package rerunfilecheck Info: File `CogSci2022-giannino.out' has not changed.
(rerunfilecheck)             Checksum: C5DFC2B10B8BCE6103C6269957FE5731;2713.
 ) 
Here is how much of TeX's memory you used:
 13850 strings out of 480247
 225323 string characters out of 5894309
 522630 words of memory out of 5000000
 31466 multiletter control sequences out of 15000+600000
 510783 words of font info for 109 fonts, out of 8000000 for 9000
 14 hyphenation exceptions out of 8191
 60i,12n,63p,407b,360s stack positions out of 5000i,500n,10000p,200000b,80000s
{/Users/chatterlabmanager/Library/TinyTeX/texmf-dist/fonts/enc/dvips/base/8r.
enc}</Users/chatterlabmanager/Library/TinyTeX/texmf-dist/fonts/type1/public/ams
fonts/cm/cmmi10.pfb></Users/chatterlabmanager/Library/TinyTeX/texmf-dist/fonts/
type1/public/amsfonts/cm/cmmi9.pfb></Users/chatterlabmanager/Library/TinyTeX/te
xmf-dist/fonts/type1/public/amsfonts/cm/cmsy10.pfb></Users/chatterlabmanager/Li
brary/TinyTeX/texmf-dist/fonts/type1/urw/courier/ucrr8a.pfb></Users/chatterlabm
anager/Library/TinyTeX/texmf-dist/fonts/type1/urw/symbol/usyr.pfb></Users/chatt
erlabmanager/Library/TinyTeX/texmf-dist/fonts/type1/urw/times/utmb8a.pfb></User
s/chatterlabmanager/Library/TinyTeX/texmf-dist/fonts/type1/urw/times/utmr8a.pfb
></Users/chatterlabmanager/Library/TinyTeX/texmf-dist/fonts/type1/urw/times/utm
ri8a.pfb>
Output written on CogSci2022-giannino.pdf (6 pages, 9704532 bytes).
PDF statistics:
 270 PDF objects out of 1000 (max. 8388607)
 230 compressed objects within 3 object streams
 83 named destinations out of 1000 (max. 500000)
 157 words of extra memory for PDF output out of 10000 (max. 10000000)

